Shak ha entrado al juego. UserIndex:1 08:39:52 p.m. 23/12/2016
SHAK ha dejado el juego. User Index:1 08:40:01 p.m. 23/12/2016
Shak ha entrado al juego. UserIndex:1 08:40:39 p.m. 23/12/2016
SHAK ha dejado el juego. User Index:1 08:40:39 p.m. 23/12/2016
shak ha entrado al juego. UserIndex:1 08:40:44 p.m. 23/12/2016
SHAK ha dejado el juego. User Index:1 08:41:54 p.m. 23/12/2016
shak ha entrado al juego. UserIndex:1 08:41:59 p.m. 23/12/2016
SHAK ha dejado el juego. User Index:1 08:42:24 p.m. 23/12/2016
shak ha entrado al juego. UserIndex:1 08:42:46 p.m. 23/12/2016
SHAK ha dejado el juego. User Index:1 08:42:56 p.m. 23/12/2016
shak ha entrado al juego. UserIndex:1 08:43:01 p.m. 23/12/2016
SHAK ha dejado el juego. User Index:1 08:43:05 p.m. 23/12/2016
shak ha entrado al juego. UserIndex:1 08:44:03 p.m. 23/12/2016
SHAK ha dejado el juego. User Index:1 08:44:20 p.m. 23/12/2016
shak ha entrado al juego. UserIndex:1 08:50:53 p.m. 23/12/2016
SHAK ha dejado el juego. User Index:1 08:51:07 p.m. 23/12/2016
shak ha entrado al juego. UserIndex:1 08:52:44 p.m. 23/12/2016
SHAK ha dejado el juego. User Index:1 08:54:24 p.m. 23/12/2016
shak ha entrado al juego. UserIndex:1 08:55:48 p.m. 23/12/2016
jorge ha entrado al juego. UserIndex:2 08:56:11 p.m. 23/12/2016
JORGE ha dejado el juego. User Index:2 08:57:29 p.m. 23/12/2016
jorge ha entrado al juego. UserIndex:2 08:57:40 p.m. 23/12/2016
JORGE ha dejado el juego. User Index:2 08:58:02 p.m. 23/12/2016
jorge ha entrado al juego. UserIndex:2 08:58:40 p.m. 23/12/2016
SHAK ha dejado el juego. User Index:1 08:59:05 p.m. 23/12/2016
shak ha entrado al juego. UserIndex:1 08:59:07 p.m. 23/12/2016
SHAK ha dejado el juego. User Index:1 08:59:42 p.m. 23/12/2016
jorge ha entrado al juego. UserIndex:1 09:01:46 p.m. 23/12/2016
SHAK ha entrado al juego. UserIndex:1 09:23:25 p.m. 23/12/2016
SHAK ha dejado el juego. User Index:1 09:23:28 p.m. 23/12/2016
shak ha entrado al juego. UserIndex:1 09:23:34 p.m. 23/12/2016
SHAK ha dejado el juego. User Index:1 09:23:58 p.m. 23/12/2016
shak ha entrado al juego. UserIndex:1 09:26:16 p.m. 23/12/2016
SHAK ha dejado el juego. User Index:1 09:26:19 p.m. 23/12/2016
shak ha entrado al juego. UserIndex:1 09:28:26 p.m. 23/12/2016
SHAK ha dejado el juego. User Index:1 09:28:52 p.m. 23/12/2016
shak ha entrado al juego. UserIndex:1 09:29:10 p.m. 23/12/2016
SHAK ha dejado el juego. User Index:1 09:29:21 p.m. 23/12/2016
SHAK ha entrado al juego. UserIndex:1 05:40:50 p.m. 28/12/2016
SHAK ha dejado el juego. User Index:1 05:41:15 p.m. 28/12/2016
LORWIK ha entrado al juego. UserIndex:1 20:04:24 15/04/2023
Lorwik ha entrado al juego. UserIndex:1 22:38:30 17/04/2023
LORWIK ha dejado el juego. User Index:1 22:39:18 17/04/2023
Lorwik ha entrado al juego. UserIndex:1 22:40:00 17/04/2023
LORWIK ha dejado el juego. User Index:1 22:40:10 17/04/2023
Lorwik ha entrado al juego. UserIndex:1 22:40:58 17/04/2023
LORWIK ha dejado el juego. User Index:1 22:41:26 17/04/2023
Lorwik ha entrado al juego. UserIndex:1 23:40:52 17/04/2023
LORWIK ha dejado el juego. User Index:1 23:41:05 17/04/2023
Lorwik ha entrado al juego. UserIndex:1 23:43:56 17/04/2023
LORWIK ha dejado el juego. User Index:1 23:44:24 17/04/2023
Lorwik ha entrado al juego. UserIndex:1 23:52:15 17/04/2023
LORWIK ha dejado el juego. User Index:1 23:52:35 17/04/2023
Lorwik ha entrado al juego. UserIndex:1 1:48:17 18/04/2023
LORWIK ha dejado el juego. User Index:1 1:48:38 18/04/2023
Lorwik ha entrado al juego. UserIndex:1 1:56:53 18/04/2023
LORWIK ha dejado el juego. User Index:1 1:57:09 18/04/2023
Lorwik ha entrado al juego. UserIndex:1 1:58:06 18/04/2023
LORWIK ha dejado el juego. User Index:1 1:58:25 18/04/2023
Lorwik ha entrado al juego. UserIndex:1 1:58:49 18/04/2023
LORWIK ha dejado el juego. User Index:1 1:58:58 18/04/2023
Lorwik ha entrado al juego. UserIndex:1 2:02:12 18/04/2023
LORWIK ha dejado el juego. User Index:1 2:02:22 18/04/2023
Lorwik ha entrado al juego. UserIndex:1 2:03:36 18/04/2023
LORWIK ha dejado el juego. User Index:1 2:03:49 18/04/2023
Lorwik ha entrado al juego. UserIndex:1 2:04:32 18/04/2023
LORWIK ha dejado el juego. User Index:1 2:05:03 18/04/2023
Lorwik ha entrado al juego. UserIndex:1 2:10:40 18/04/2023
LORWIK ha dejado el juego. User Index:1 2:10:50 18/04/2023
Lorwik ha entrado al juego. UserIndex:1 2:11:18 18/04/2023
LORWIK ha dejado el juego. User Index:1 2:11:32 18/04/2023
Lorwik ha entrado al juego. UserIndex:1 2:12:23 18/04/2023
LORWIK ha dejado el juego. User Index:1 2:12:31 18/04/2023
Lorwik ha entrado al juego. UserIndex:1 2:20:08 18/04/2023
LORWIK ha dejado el juego. User Index:1 2:21:02 18/04/2023
Lorwik ha entrado al juego. UserIndex:1 2:37:39 18/04/2023
LORWIK ha dejado el juego. User Index:1 2:37:47 18/04/2023
Lorwik ha entrado al juego. UserIndex:1 15:13:26 18/04/2023
LORWIK ha dejado el juego. User Index:1 15:14:12 18/04/2023
Lorwik ha entrado al juego. UserIndex:1 15:27:25 18/04/2023
LORWIK ha dejado el juego. User Index:1 15:29:46 18/04/2023
Lorwik ha entrado al juego. UserIndex:1 15:33:28 18/04/2023
LORWIK ha dejado el juego. User Index:1 15:33:40 18/04/2023
Lorwik ha entrado al juego. UserIndex:1 15:34:42 18/04/2023
LORWIK ha dejado el juego. User Index:1 15:34:48 18/04/2023
Lorwik ha entrado al juego. UserIndex:1 16:21:48 18/04/2023
LORWIK ha dejado el juego. User Index:1 16:21:57 18/04/2023
Lorwik ha entrado al juego. UserIndex:1 16:27:21 18/04/2023
LORWIK ha dejado el juego. User Index:1 16:27:29 18/04/2023
Lorwik ha entrado al juego. UserIndex:1 16:27:57 18/04/2023
LORWIK ha dejado el juego. User Index:1 16:28:03 18/04/2023
Lorwik ha entrado al juego. UserIndex:1 16:37:07 18/04/2023
LORWIK ha dejado el juego. User Index:1 16:37:39 18/04/2023
Lorwik ha entrado al juego. UserIndex:1 16:38:50 18/04/2023
LORWIK ha dejado el juego. User Index:1 16:39:02 18/04/2023
Lorwik ha entrado al juego. UserIndex:1 18:46:46 18/04/2023
LORWIK ha dejado el juego. User Index:1 18:47:11 18/04/2023
