18/11/2013 02:44:09 p.m. server iniciado 0.13.0
18/11/2013 02:49:02 p.m. server cerrado.
18/11/2013 02:49:11 p.m. server iniciado 0.13.0
19/11/2013 02:28:53 p.m. server cerrado.
19/11/2013 02:29:34 p.m. server iniciado 0.13.0
19/11/2013 02:29:34 p.m. server iniciado 0.13.0
19/11/2013 10:34:45 p.m. server cerrado.
19/11/2013 10:34:45 p.m. server cerrado.
20/11/2013 02:46:41 p.m. server iniciado 0.13.0
20/11/2013 02:48:47 p.m. server cerrado.
06/12/2013 11:11:27 a.m. server iniciado 0.13.0
06/12/2013 11:23:12 a.m. server cerrado.
06/12/2013 11:24:22 a.m. server iniciado 0.13.0
06/12/2013 11:25:07 a.m. server cerrado.
06/12/2013 11:27:05 a.m. server iniciado 0.13.0
06/12/2013 12:35:38 p.m. server cerrado.
06/12/2013 01:12:32 p.m. server iniciado 0.13.0
06/12/2013 01:42:44 p.m. server cerrado.
06/12/2013 01:50:54 p.m. server iniciado 0.13.0
06/12/2013 01:58:09 p.m. server cerrado.
06/12/2013 01:58:32 p.m. server iniciado 0.13.0
06/12/2013 02:01:30 p.m. server iniciado 0.13.0
07/12/2013 12:12:46 p.m. server cerrado.
07/12/2013 04:24:10 p.m. server iniciado 0.13.0
07/12/2013 04:26:31 p.m. server cerrado.
08/12/2013 07:11:26 p.m. server iniciado 0.13.0
08/12/2013 07:34:55 p.m. server cerrado.
08/12/2013 07:49:25 p.m. server iniciado 0.13.0
08/12/2013 08:45:35 p.m. server cerrado.
08/12/2013 08:47:17 p.m. server iniciado 0.13.0
08/12/2013 09:23:34 p.m. server cerrado.
09/12/2013 11:58:17 a.m. server iniciado 0.13.0
09/12/2013 12:49:46 p.m. server cerrado.
09/12/2013 12:49:55 p.m. server iniciado 0.13.0
09/12/2013 12:58:41 p.m. server cerrado.
09/12/2013 12:58:51 p.m. server iniciado 0.13.0
09/12/2013 01:01:42 p.m. server cerrado.
23/12/2016 08:29:03 p.m. server iniciado 0.13.0
23/12/2016 08:40:01 p.m. server cerrado.
23/12/2016 08:40:24 p.m. server iniciado 0.13.0
23/12/2016 08:50:38 p.m. server iniciado 0.13.0
23/12/2016 08:50:41 p.m. server cerrado.
23/12/2016 08:50:46 p.m. server iniciado 0.13.0
23/12/2016 08:52:31 p.m. server cerrado.
23/12/2016 08:52:43 p.m. server iniciado 0.13.0
23/12/2016 09:00:21 p.m. server iniciado 0.13.0
23/12/2016 09:00:32 p.m. server cerrado.
23/12/2016 09:00:37 p.m. server iniciado 0.13.0
23/12/2016 09:00:45 p.m. server cerrado.
23/12/2016 09:01:15 p.m. server iniciado 0.13.0
23/12/2016 09:01:28 p.m. server cerrado.
23/12/2016 09:01:41 p.m. server iniciado 0.13.0
23/12/2016 09:19:40 p.m. server iniciado 0.13.0
23/12/2016 09:20:23 p.m. server cerrado.
23/12/2016 09:20:36 p.m. server iniciado 0.13.0
23/12/2016 09:22:20 p.m. server cerrado.
23/12/2016 09:23:08 p.m. server iniciado 0.13.0
23/12/2016 09:30:27 p.m. server cerrado.
28/12/2016 05:21:09 p.m. server iniciado 0.13.0
28/12/2016 05:25:32 p.m. server cerrado.
28/12/2016 05:25:51 p.m. server iniciado 0.13.0
28/12/2016 05:28:05 p.m. server iniciado 0.13.0
28/12/2016 05:29:49 p.m. server iniciado 0.13.0
28/12/2016 05:30:54 p.m. server cerrado.
28/12/2016 05:32:04 p.m. server iniciado 0.13.0
28/12/2016 05:36:06 p.m. server iniciado 0.13.0
28/12/2016 05:37:55 p.m. server cerrado.
28/12/2016 05:38:06 p.m. server iniciado 0.13.0
15/04/2023 20:00:13 server iniciado 0.13.0
16/04/2023 3:06:33 server iniciado 0.13.0
17/04/2023 22:06:39 server iniciado 0.13.0
17/04/2023 23:57:22 server cerrado.
18/04/2023 1:48:14 server iniciado 0.13.0
18/04/2023 2:42:43 server cerrado.
18/04/2023 14:38:23 server iniciado 0.13.0
18/04/2023 18:46:29 server iniciado 0.13.0
18/04/2023 19:31:29 server cerrado.
18/04/2023 19:48:17 server iniciado 0.13.0
18/04/2023 19:51:09 server cerrado.
18/04/2023 19:51:42 server iniciado 0.13.0
18/04/2023 19:52:08 server cerrado.
18/04/2023 20:06:47 server iniciado 0.13.0
18/04/2023 20:07:18 server cerrado.
18/04/2023 20:13:08 server iniciado 0.13.0
18/04/2023 20:13:28 server cerrado.
18/04/2023 20:14:38 server iniciado 0.13.0
18/04/2023 20:15:22 server cerrado.
18/04/2023 20:16:20 server iniciado 0.13.0
18/04/2023 20:16:43 server cerrado.
18/04/2023 20:17:21 server iniciado 0.13.0
18/04/2023 20:20:45 server cerrado.
18/04/2023 20:37:15 server iniciado 0.13.0
18/04/2023 20:38:18 server cerrado.
18/04/2023 20:39:34 server iniciado 0.13.0
18/04/2023 20:50:25 server cerrado.
18/04/2023 21:20:53 server iniciado 0.13.0
18/04/2023 21:39:53 server cerrado.
18/04/2023 21:42:41 server iniciado 0.13.0
18/04/2023 21:45:10 server cerrado.
